Release 14.7 - xst P.20131013 (lin64)
Copyright (c) 1995-2013 Xilinx, Inc.  All rights reserved.
--> 
Parameter TMPDIR set to xst/projnav.tmp


Total REAL time to Xst completion: 0.00 secs
Total CPU time to Xst completion: 0.05 secs
 
--> 
Parameter xsthdpdir set to xst


Total REAL time to Xst completion: 0.00 secs
Total CPU time to Xst completion: 0.05 secs
 
--> 
Reading design: vga_sync.prj

TABLE OF CONTENTS
  1) Synthesis Options Summary
  2) HDL Compilation
  3) Design Hierarchy Analysis
  4) HDL Analysis
  5) HDL Synthesis
     5.1) HDL Synthesis Report
  6) Advanced HDL Synthesis
     6.1) Advanced HDL Synthesis Report
  7) Low Level Synthesis
  8) Partition Report
  9) Final Report
	9.1) Device utilization summary
	9.2) Partition Resource Summary
	9.3) TIMING REPORT


=========================================================================
*                      Synthesis Options Summary                        *
=========================================================================
---- Source Parameters
Input File Name                    : "vga_sync.prj"
Input Format                       : mixed
Ignore Synthesis Constraint File   : NO

---- Target Parameters
Output File Name                   : "vga_sync"
Output Format                      : NGC
Target Device                      : xc3s500e-5-fg320

---- Source Options
Top Module Name                    : vga_sync
Automatic FSM Extraction           : YES
FSM Encoding Algorithm             : Auto
Safe Implementation                : No
FSM Style                          : LUT
RAM Extraction                     : Yes
RAM Style                          : Auto
ROM Extraction                     : Yes
Mux Style                          : Auto
Decoder Extraction                 : YES
Priority Encoder Extraction        : Yes
Shift Register Extraction          : YES
Logical Shifter Extraction         : YES
XOR Collapsing                     : YES
ROM Style                          : Auto
Mux Extraction                     : Yes
Resource Sharing                   : YES
Asynchronous To Synchronous        : NO
Multiplier Style                   : Auto
Automatic Register Balancing       : No

---- Target Options
Add IO Buffers                     : YES
Global Maximum Fanout              : 500
Add Generic Clock Buffer(BUFG)     : 24
Register Duplication               : YES
Slice Packing                      : YES
Optimize Instantiated Primitives   : NO
Use Clock Enable                   : Yes
Use Synchronous Set                : Yes
Use Synchronous Reset              : Yes
Pack IO Registers into IOBs        : Auto
Equivalent register Removal        : YES

---- General Options
Optimization Goal                  : Speed
Optimization Effort                : 1
Keep Hierarchy                     : No
Netlist Hierarchy                  : As_Optimized
RTL Output                         : Yes
Global Optimization                : AllClockNets
Read Cores                         : YES
Write Timing Constraints           : NO
Cross Clock Analysis               : NO
Hierarchy Separator                : /
Bus Delimiter                      : <>
Case Specifier                     : Maintain
Slice Utilization Ratio            : 100
BRAM Utilization Ratio             : 100
Verilog 2001                       : YES
Auto BRAM Packing                  : NO
Slice Utilization Ratio Delta      : 5

=========================================================================


=========================================================================
*                          HDL Compilation                              *
=========================================================================
Compiling verilog file "vgaPattern.v" in library work
Module <vga_sync> compiled
No errors in compilation
Analysis of file <"vga_sync.prj"> succeeded.
 

=========================================================================
*                     Design Hierarchy Analysis                         *
=========================================================================
Analyzing hierarchy for module <vga_sync> in library <work> with parameters.
	HB = "00000000000000000000000000010000"
	HD = "00000000000000000000001010000000"
	HF = "00000000000000000000000000110000"
	HR = "00000000000000000000000001100000"
	VB = "00000000000000000000000000100001"
	VD = "00000000000000000000000111100000"
	VF = "00000000000000000000000000001010"
	VR = "00000000000000000000000000000010"


=========================================================================
*                            HDL Analysis                               *
=========================================================================
Analyzing top module <vga_sync>.
	HB = 32'sb00000000000000000000000000010000
	HD = 32'sb00000000000000000000001010000000
	HF = 32'sb00000000000000000000000000110000
	HR = 32'sb00000000000000000000000001100000
	VB = 32'sb00000000000000000000000000100001
	VD = 32'sb00000000000000000000000111100000
	VF = 32'sb00000000000000000000000000001010
	VR = 32'sb00000000000000000000000000000010
Module <vga_sync> is correct for synthesis.
 

=========================================================================
*                           HDL Synthesis                               *
=========================================================================

Performing bidirectional port resolution...

Synthesizing Unit <vga_sync>.
    Related source file is "vgaPattern.v".
    Found 10-bit adder for signal <h_count_next$addsub0000> created at line 63.
    Found 10-bit register for signal <h_count_reg>.
    Found 10-bit comparator greatequal for signal <h_sync_next$cmp_ge0000> created at line 79.
    Found 10-bit comparator lessequal for signal <h_sync_next$cmp_le0000> created at line 79.
    Found 1-bit register for signal <h_sync_reg>.
    Found 1-bit register for signal <mod2_reg>.
    Found 10-bit adder for signal <v_count_next$addsub0000> created at line 73.
    Found 10-bit register for signal <v_count_reg>.
    Found 10-bit comparator greatequal for signal <v_sync_next$cmp_ge0000> created at line 82.
    Found 10-bit comparator lessequal for signal <v_sync_next$cmp_le0000> created at line 82.
    Found 1-bit register for signal <v_sync_reg>.
    Found 11-bit comparator less for signal <video_on$cmp_lt0000> created at line 85.
    Found 10-bit comparator less for signal <video_on$cmp_lt0001> created at line 85.
    Summary:
	inferred  23 D-type flip-flop(s).
	inferred   2 Adder/Subtractor(s).
	inferred   6 Comparator(s).
Unit <vga_sync> synthesized.


=========================================================================
HDL Synthesis Report

Macro Statistics
# Adders/Subtractors                                   : 2
 10-bit adder                                          : 2
# Registers                                            : 5
 1-bit register                                        : 3
 10-bit register                                       : 2
# Comparators                                          : 6
 10-bit comparator greatequal                          : 2
 10-bit comparator less                                : 1
 10-bit comparator lessequal                           : 2
 11-bit comparator less                                : 1

=========================================================================

=========================================================================
*                       Advanced HDL Synthesis                          *
=========================================================================

WARNING:Xst:1710 - FF/Latch <h_count_reg_9> (without init value) has a constant value of 0 in block <vga_sync>. This FF/Latch will be trimmed during the optimization process.
WARNING:Xst:1895 - Due to other FF/Latch trimming, FF/Latch <h_count_reg_8> (without init value) has a constant value of 0 in block <vga_sync>. This FF/Latch will be trimmed during the optimization process.
WARNING:Xst:1895 - Due to other FF/Latch trimming, FF/Latch <h_count_reg_7> (without init value) has a constant value of 0 in block <vga_sync>. This FF/Latch will be trimmed during the optimization process.
WARNING:Xst:1895 - Due to other FF/Latch trimming, FF/Latch <h_count_reg_6> (without init value) has a constant value of 0 in block <vga_sync>. This FF/Latch will be trimmed during the optimization process.
WARNING:Xst:1895 - Due to other FF/Latch trimming, FF/Latch <h_count_reg_5> (without init value) has a constant value of 0 in block <vga_sync>. This FF/Latch will be trimmed during the optimization process.
WARNING:Xst:1895 - Due to other FF/Latch trimming, FF/Latch <h_count_reg_4> (without init value) has a constant value of 0 in block <vga_sync>. This FF/Latch will be trimmed during the optimization process.
WARNING:Xst:1895 - Due to other FF/Latch trimming, FF/Latch <h_count_reg_3> (without init value) has a constant value of 0 in block <vga_sync>. This FF/Latch will be trimmed during the optimization process.
WARNING:Xst:1895 - Due to other FF/Latch trimming, FF/Latch <h_count_reg_2> (without init value) has a constant value of 0 in block <vga_sync>. This FF/Latch will be trimmed during the optimization process.
WARNING:Xst:1895 - Due to other FF/Latch trimming, FF/Latch <h_count_reg_1> (without init value) has a constant value of 0 in block <vga_sync>. This FF/Latch will be trimmed during the optimization process.
WARNING:Xst:1895 - Due to other FF/Latch trimming, FF/Latch <h_count_reg_0> (without init value) has a constant value of 0 in block <vga_sync>. This FF/Latch will be trimmed during the optimization process.
WARNING:Xst:1895 - Due to other FF/Latch trimming, FF/Latch <v_count_reg_9> (without init value) has a constant value of 0 in block <vga_sync>. This FF/Latch will be trimmed during the optimization process.
WARNING:Xst:1895 - Due to other FF/Latch trimming, FF/Latch <v_count_reg_8> (without init value) has a constant value of 0 in block <vga_sync>. This FF/Latch will be trimmed during the optimization process.
WARNING:Xst:1895 - Due to other FF/Latch trimming, FF/Latch <v_count_reg_7> (without init value) has a constant value of 0 in block <vga_sync>. This FF/Latch will be trimmed during the optimization process.
WARNING:Xst:1895 - Due to other FF/Latch trimming, FF/Latch <v_count_reg_6> (without init value) has a constant value of 0 in block <vga_sync>. This FF/Latch will be trimmed during the optimization process.
WARNING:Xst:1895 - Due to other FF/Latch trimming, FF/Latch <v_count_reg_5> (without init value) has a constant value of 0 in block <vga_sync>. This FF/Latch will be trimmed during the optimization process.
WARNING:Xst:1895 - Due to other FF/Latch trimming, FF/Latch <v_count_reg_4> (without init value) has a constant value of 0 in block <vga_sync>. This FF/Latch will be trimmed during the optimization process.
WARNING:Xst:1895 - Due to other FF/Latch trimming, FF/Latch <v_count_reg_3> (without init value) has a constant value of 0 in block <vga_sync>. This FF/Latch will be trimmed during the optimization process.
WARNING:Xst:1895 - Due to other FF/Latch trimming, FF/Latch <v_count_reg_2> (without init value) has a constant value of 0 in block <vga_sync>. This FF/Latch will be trimmed during the optimization process.
WARNING:Xst:1895 - Due to other FF/Latch trimming, FF/Latch <v_count_reg_1> (without init value) has a constant value of 0 in block <vga_sync>. This FF/Latch will be trimmed during the optimization process.
WARNING:Xst:1895 - Due to other FF/Latch trimming, FF/Latch <v_count_reg_0> (without init value) has a constant value of 0 in block <vga_sync>. This FF/Latch will be trimmed during the optimization process.
WARNING:Xst:1895 - Due to other FF/Latch trimming, FF/Latch <mod2_reg> (without init value) has a constant value of 0 in block <vga_sync>. This FF/Latch will be trimmed during the optimization process.

=========================================================================
Advanced HDL Synthesis Report

Macro Statistics
# Adders/Subtractors                                   : 2
 10-bit adder                                          : 2
# Registers                                            : 23
 Flip-Flops                                            : 23
# Comparators                                          : 6
 10-bit comparator greatequal                          : 2
 10-bit comparator less                                : 1
 10-bit comparator lessequal                           : 2
 11-bit comparator less                                : 1

=========================================================================

=========================================================================
*                         Low Level Synthesis                           *
=========================================================================
WARNING:Xst:1710 - FF/Latch <h_count_reg_9> (without init value) has a constant value of 0 in block <vga_sync>. This FF/Latch will be trimmed during the optimization process.
WARNING:Xst:1895 - Due to other FF/Latch trimming, FF/Latch <h_count_reg_8> (without init value) has a constant value of 0 in block <vga_sync>. This FF/Latch will be trimmed during the optimization process.
WARNING:Xst:1895 - Due to other FF/Latch trimming, FF/Latch <h_count_reg_7> (without init value) has a constant value of 0 in block <vga_sync>. This FF/Latch will be trimmed during the optimization process.
WARNING:Xst:1895 - Due to other FF/Latch trimming, FF/Latch <h_count_reg_6> (without init value) has a constant value of 0 in block <vga_sync>. This FF/Latch will be trimmed during the optimization process.
WARNING:Xst:1895 - Due to other FF/Latch trimming, FF/Latch <h_count_reg_5> (without init value) has a constant value of 0 in block <vga_sync>. This FF/Latch will be trimmed during the optimization process.
WARNING:Xst:1895 - Due to other FF/Latch trimming, FF/Latch <h_count_reg_4> (without init value) has a constant value of 0 in block <vga_sync>. This FF/Latch will be trimmed during the optimization process.
WARNING:Xst:1895 - Due to other FF/Latch trimming, FF/Latch <h_count_reg_3> (without init value) has a constant value of 0 in block <vga_sync>. This FF/Latch will be trimmed during the optimization process.
WARNING:Xst:1895 - Due to other FF/Latch trimming, FF/Latch <h_count_reg_2> (without init value) has a constant value of 0 in block <vga_sync>. This FF/Latch will be trimmed during the optimization process.
WARNING:Xst:1895 - Due to other FF/Latch trimming, FF/Latch <h_count_reg_1> (without init value) has a constant value of 0 in block <vga_sync>. This FF/Latch will be trimmed during the optimization process.
WARNING:Xst:1895 - Due to other FF/Latch trimming, FF/Latch <h_count_reg_0> (without init value) has a constant value of 0 in block <vga_sync>. This FF/Latch will be trimmed during the optimization process.
WARNING:Xst:1895 - Due to other FF/Latch trimming, FF/Latch <v_count_reg_9> (without init value) has a constant value of 0 in block <vga_sync>. This FF/Latch will be trimmed during the optimization process.
WARNING:Xst:1895 - Due to other FF/Latch trimming, FF/Latch <v_count_reg_8> (without init value) has a constant value of 0 in block <vga_sync>. This FF/Latch will be trimmed during the optimization process.
WARNING:Xst:1895 - Due to other FF/Latch trimming, FF/Latch <v_count_reg_7> (without init value) has a constant value of 0 in block <vga_sync>. This FF/Latch will be trimmed during the optimization process.
WARNING:Xst:1895 - Due to other FF/Latch trimming, FF/Latch <v_count_reg_6> (without init value) has a constant value of 0 in block <vga_sync>. This FF/Latch will be trimmed during the optimization process.
WARNING:Xst:1895 - Due to other FF/Latch trimming, FF/Latch <v_count_reg_5> (without init value) has a constant value of 0 in block <vga_sync>. This FF/Latch will be trimmed during the optimization process.
WARNING:Xst:1895 - Due to other FF/Latch trimming, FF/Latch <v_count_reg_4> (without init value) has a constant value of 0 in block <vga_sync>. This FF/Latch will be trimmed during the optimization process.
WARNING:Xst:1895 - Due to other FF/Latch trimming, FF/Latch <v_count_reg_3> (without init value) has a constant value of 0 in block <vga_sync>. This FF/Latch will be trimmed during the optimization process.
WARNING:Xst:1895 - Due to other FF/Latch trimming, FF/Latch <v_count_reg_2> (without init value) has a constant value of 0 in block <vga_sync>. This FF/Latch will be trimmed during the optimization process.
WARNING:Xst:1895 - Due to other FF/Latch trimming, FF/Latch <v_count_reg_1> (without init value) has a constant value of 0 in block <vga_sync>. This FF/Latch will be trimmed during the optimization process.
WARNING:Xst:1895 - Due to other FF/Latch trimming, FF/Latch <v_count_reg_0> (without init value) has a constant value of 0 in block <vga_sync>. This FF/Latch will be trimmed during the optimization process.
WARNING:Xst:1895 - Due to other FF/Latch trimming, FF/Latch <mod2_reg> (without init value) has a constant value of 0 in block <vga_sync>. This FF/Latch will be trimmed during the optimization process.
WARNING:Xst:1710 - FF/Latch <v_sync_reg> (without init value) has a constant value of 0 in block <vga_sync>. This FF/Latch will be trimmed during the optimization process.
WARNING:Xst:1895 - Due to other FF/Latch trimming, FF/Latch <h_sync_reg> (without init value) has a constant value of 0 in block <vga_sync>. This FF/Latch will be trimmed during the optimization process.

Optimizing unit <vga_sync> ...

Mapping all equations...
Building and optimizing final netlist ...
Found area constraint ratio of 100 (+ 5) on block vga_sync, actual ratio is 0.

Final Macro Processing ...

=========================================================================
Final Register Report

Found no macro
=========================================================================

=========================================================================
*                           Partition Report                            *
=========================================================================

Partition Implementation Status
-------------------------------

  No Partitions were found in this design.

-------------------------------

=========================================================================
*                            Final Report                               *
=========================================================================
Final Results
RTL Top Level Output File Name     : vga_sync.ngr
Top Level Output File Name         : vga_sync
Output Format                      : NGC
Optimization Goal                  : Speed
Keep Hierarchy                     : No

Design Statistics
# IOs                              : 26

Cell Usage :
# BELS                             : 2
#      GND                         : 1
#      VCC                         : 1
# IO Buffers                       : 24
#      OBUF                        : 24
=========================================================================

Device utilization summary:
---------------------------

Selected Device : 3s500efg320-5 

 Number of Slices:                        0  out of   4656     0%  
 Number of IOs:                          26
 Number of bonded IOBs:                  24  out of    232    10%  

---------------------------
Partition Resource Summary:
---------------------------

  No Partitions were found in this design.

---------------------------


=========================================================================
TIMING REPORT

NOTE: THESE TIMING NUMBERS ARE ONLY A SYNTHESIS ESTIMATE.
      FOR ACCURATE TIMING INFORMATION PLEASE REFER TO THE TRACE REPORT
      GENERATED AFTER PLACE-and-ROUTE.

Clock Information:
------------------
No clock signals found in this design

Asynchronous Control Signals Information:
----------------------------------------
No asynchronous control signals found in this design

Timing Summary:
---------------
Speed Grade: -5

   Minimum period: No path found
   Minimum input arrival time before clock: No path found
   Maximum output required time after clock: No path found
   Maximum combinational path delay: No path found

Timing Detail:
--------------
All values displayed in nanoseconds (ns)

=========================================================================


Total REAL time to Xst completion: 5.00 secs
Total CPU time to Xst completion: 4.05 secs
 
--> 


Total memory usage is 515008 kilobytes

Number of errors   :    0 (   0 filtered)
Number of warnings :   44 (   0 filtered)
Number of infos    :    0 (   0 filtered)

